[2022-09-16 11:55:43.236 +05:00  ERR]  System.InvalidCastException: Out of the range of DateTime (year must be between 1 and 9999)
 ---> System.ArgumentOutOfRangeException: Ticks must be between DateTime.MinValue.Ticks and DateTime.MaxValue.Ticks. (Parameter 'ticks')
   at System.DateTime.ThrowTicksOutOfRange()
   at Npgsql.Internal.TypeHandlers.DateTimeHandlers.DateTimeUtils.ReadDateTime(NpgsqlReadBuffer buf, DateTimeKind kind)
   --- End of inner exception stack trace ---
   at Npgsql.Internal.TypeHandlers.DateTimeHandlers.DateTimeUtils.ReadDateTime(NpgsqlReadBuffer buf, DateTimeKind kind)
   at Npgsql.Internal.TypeHandlers.DateTimeHandlers.TimestampTzHandler.Read(NpgsqlReadBuffer buf, Int32 len, FieldDescription fieldDescription)
   at Npgsql.NpgsqlDataReader.GetFieldValue[T](Int32 ordinal)
   at lambda_method38(Closure , QueryContext , DbDataReader , ResultContext , SingleQueryResultCoordinator )
   at Microsoft.EntityFrameworkCore.Query.Internal.SingleQueryingEnumerable`1.Enumerator.MoveNext()
   at System.Collections.Generic.List`1..ctor(IEnumerable`1 collection)
   at System.Linq.Enumerable.ToList[TSource](IEnumerable`1 source)
   at CRMEDU.Service.Services.AdminService.GenerateTokenAsync(String login, String password) in C:\Users\muham\CRMEDU\CRMEDU.Service\Services\AdminService.cs:line 101
   at CRMEDU.Api.Controllers.AdminsController.Login(SecurityForCreationDTO securityForCreationDTO) in C:\Users\muham\CRMEDU\CRMEDU.Api\Controllers\AdminsController.cs:line 35
   at Microsoft.AspNetCore.Mvc.Infrastructure.ActionMethodExecutor.TaskOfIActionResultExecutor.Execute(IActionResultTypeMapper mapper, ObjectMethodExecutor executor, Object controller, Object[] arguments)
   at Microsoft.AspNetCore.Mvc.Infrastructure.ControllerActionInvoker.<InvokeActionMethodAsync>g__Awaited|12_0(ControllerActionInvoker invoker, ValueTask`1 actionResultValueTask)
   at Microsoft.AspNetCore.Mvc.Infrastructure.ControllerActionInvoker.<InvokeNextActionFilterAsync>g__Awaited|10_0(ControllerActionInvoker invoker, Task lastTask, State next, Scope scope, Object state, Boolean isCompleted)
   at Microsoft.AspNetCore.Mvc.Infrastructure.ControllerActionInvoker.Rethrow(ActionExecutedContextSealed context)
   at Microsoft.AspNetCore.Mvc.Infrastructure.ControllerActionInvoker.Next(State& next, Scope& scope, Object& state, Boolean& isCompleted)
   at Microsoft.AspNetCore.Mvc.Infrastructure.ControllerActionInvoker.InvokeInnerFilterAsync()
--- End of stack trace from previous location ---
   at Microsoft.AspNetCore.Mvc.Infrastructure.ResourceInvoker.<InvokeFilterPipelineAsync>g__Awaited|20_0(ResourceInvoker invoker, Task lastTask, State next, Scope scope, Object state, Boolean isCompleted)
   at Microsoft.AspNetCore.Mvc.Infrastructure.ResourceInvoker.<InvokeAsync>g__Awaited|17_0(ResourceInvoker invoker, Task task, IDisposable scope)
   at Microsoft.AspNetCore.Mvc.Infrastructure.ResourceInvoker.<InvokeAsync>g__Awaited|17_0(ResourceInvoker invoker, Task task, IDisposable scope)
   at Microsoft.AspNetCore.Routing.EndpointMiddleware.<Invoke>g__AwaitRequestTask|6_0(Endpoint endpoint, Task requestTask, ILogger logger)
   at Microsoft.AspNetCore.Authorization.AuthorizationMiddleware.Invoke(HttpContext context)
   at CRMEDU.Api.Midleware.ExceptionHandlingMiddleware.InvokeAsync(HttpContext httpContext) in C:\Users\muham\CRMEDU\CRMEDU.Api\Midleware\ExceptionHandlingMiddleware.cs:line 23
